
[2021-06-08 20:21:22] Traceback (most recent call last):
  File "D:\Projects\manga-ocr\src\app.py", line 45, in <module>
    main()
  File "D:\Projects\manga-ocr\src\app.py", line 19, in main
    setup_cef()
  File "D:\Projects\manga-ocr\src\app.py", line 28, in setup_cef
    browser = cef.CreateBrowserSync(url="data:text/html;base64,"+base64.b64encode(html),
  File "c:\python39\lib\base64.py", line 58, in b64encode
    encoded = binascii.b2a_base64(s, newline=False)
TypeError: a bytes-like object is required, not 'str'


[2021-06-08 20:22:55] Traceback (most recent call last):
  File "D:\Projects\manga-ocr\src\app.py", line 46, in <module>
    main()
  File "D:\Projects\manga-ocr\src\app.py", line 19, in main
    setup_cef()
  File "D:\Projects\manga-ocr\src\app.py", line 29, in setup_cef
    browser = cef.CreateBrowserSync(url="data:text/html;base64,"+base64.b64encode(html),
TypeError: can only concatenate str (not "bytes") to str


[2021-06-08 20:25:33] Traceback (most recent call last):
  File "v8function_handler.pyx", line 48, in cefpython_py39.V8FunctionHandler_Execute
  File "D:\Projects\manga-ocr\src\interface.py", line 3, in hello_world
    callback("bruh")
TypeError: 'cefpython_py39.JavascriptCallback' object is not callable


[2021-06-08 20:36:04] Traceback (most recent call last):
  File "D:\Projects\manga-ocr\src\app.py", line 55, in <module>
    main()
  File "D:\Projects\manga-ocr\src\app.py", line 21, in main
    setup_cef()
  File "D:\Projects\manga-ocr\src\app.py", line 36, in setup_cef
    setup_bindings(browser)
  File "D:\Projects\manga-ocr\src\app.py", line 45, in setup_bindings
    bindings.SetFunction("hello_world", binding_wrapper(hello_world))
TypeError: binding_wrapper() missing 1 required positional argument: 'cb'


[2021-06-08 20:36:33] Traceback (most recent call last):
  File "D:\Projects\manga-ocr\src\app.py", line 54, in <module>
    main()
  File "D:\Projects\manga-ocr\src\app.py", line 21, in main
    setup_cef()
  File "D:\Projects\manga-ocr\src\app.py", line 36, in setup_cef
    setup_bindings(browser)
  File "D:\Projects\manga-ocr\src\app.py", line 45, in setup_bindings
    bindings.SetFunction("hello_world", binding_wrapper(hello_world))
TypeError: binding_wrapper() takes 0 positional arguments but 1 was given


[2021-06-08 20:38:27] Traceback (most recent call last):
  File "v8function_handler.pyx", line 48, in cefpython_py39.V8FunctionHandler_Execute
TypeError: binding_wrapper() takes 0 positional arguments but 1 was given

